<?xml version="1.0" encoding="UTF-8"?>
<testsuite xmlns:xsi="http://www.w3.org/2001/XMLSchema-instance" xsi:noNamespaceSchemaLocation="https://maven.apache.org/surefire/maven-surefire-plugin/xsd/surefire-test-report-3.0.xsd" version="3.0" name="com.epharma.ecosystem.controller.PaymentControllerTest" time="0.947" tests="8" errors="0" skipped="0" failures="0">
  <properties>
[...]
</properties>
  <testcase name="paypalWebhook_invalidSignature_returnsUnauthorized" classname="com.epharma.ecosystem.controller.PaymentControllerTest" time="0.065">
    <system-out><![CDATA[2025-12-31T10:21:18.608+08:00  INFO 1648 --- [epharma-backend] [           main] t.c.s.AnnotationConfigContextLoaderUtils : Could not detect default configuration classes for test class [com.epharma.ecosystem.controller.PaymentControllerTest]: PaymentControllerTest does not declare any static, non-private, non-final, nested classes annotated with @Configuration.
2025-12-31T10:21:18.659+08:00  INFO 1648 --- [epharma-backend] [           main] .b.t.c.SpringBootTestContextBootstrapper : Found @SpringBootConfiguration com.epharma.ecosystem.EpharmaApplication for test class com.epharma.ecosystem.controller.PaymentControllerTest

  .   ____          _            __ _ _
 /\\ / ___'_ __ _ _(_)_ __  __ _ \ \ \ \
( ( )\___ | '_ | '_| | '_ \/ _` | \ \ \ \
 \\/  ___)| |_)| | | | | || (_| |  ) ) ) )
  '  |____| .__|_| |_|_| |_\__, | / / / /
 =========|_|==============|___/=/_/_/_/

 :: Spring Boot ::               (v3.3.10)

2025-12-31T10:21:18.709+08:00  INFO 1648 --- [epharma-backend] [           main] c.e.e.controller.PaymentControllerTest   : Starting PaymentControllerTest using Java 21.0.8 with PID 1648 (started by Keneth Dale Tuazon in D:\RushMedz App_Final\RushMedz Admin\backend)
2025-12-31T10:21:18.709+08:00 DEBUG 1648 --- [epharma-backend] [           main] c.e.e.controller.PaymentControllerTest   : Running with Spring Boot v3.3.10, Spring v6.1.18
2025-12-31T10:21:18.710+08:00  INFO 1648 --- [epharma-backend] [           main] c.e.e.controller.PaymentControllerTest   : No active profile set, falling back to 1 default profile: "default"
2025-12-31T10:21:18.713+08:00 DEBUG 1648 --- [epharma-backend] [           main] o.s.w.c.s.GenericWebApplicationContext   : Refreshing org.springframework.web.context.support.GenericWebApplicationContext@6414eb98
2025-12-31T10:21:19.149+08:00  WARN 1648 --- [epharma-backend] [           main] .s.s.UserDetailsServiceAutoConfiguration : 

Using generated security password: b7c4d51e-f5b6-4ab6-81fb-2cd99c9877fe

This generated password is for development use only. Your security configuration must be updated before running your application in production.

2025-12-31T10:21:19.151+08:00  INFO 1648 --- [epharma-backend] [           main] r$InitializeUserDetailsManagerConfigurer : Global AuthenticationManager configured with UserDetailsService bean with name inMemoryUserDetailsManager
2025-12-31T10:21:19.200+08:00 DEBUG 1648 --- [epharma-backend] [           main] s.w.s.m.m.a.RequestMappingHandlerMapping : 17 mappings in 'requestMappingHandlerMapping'
2025-12-31T10:21:19.244+08:00 DEBUG 1648 --- [epharma-backend] [           main] o.s.w.s.handler.SimpleUrlHandlerMapping  : Patterns [/webjars/**, /**] in 'resourceHandlerMapping'
2025-12-31T10:21:19.294+08:00 DEBUG 1648 --- [epharma-backend] [           main] s.w.s.m.m.a.RequestMappingHandlerAdapter : ControllerAdvice beans: 0 @ModelAttribute, 0 @InitBinder, 1 RequestBodyAdvice, 1 ResponseBodyAdvice
2025-12-31T10:21:19.298+08:00 DEBUG 1648 --- [epharma-backend] [           main] .m.m.a.ExceptionHandlerExceptionResolver : ControllerAdvice beans: 0 @ExceptionHandler, 1 ResponseBodyAdvice
2025-12-31T10:21:19.314+08:00 DEBUG 1648 --- [epharma-backend] [           main] c.e.e.security.JwtAuthenticationFilter   : Filter 'jwtAuthenticationFilter' configured for use
2025-12-31T10:21:19.314+08:00  INFO 1648 --- [epharma-backend] [           main] o.s.b.t.m.w.SpringBootMockServletContext : Initializing Spring TestDispatcherServlet ''
2025-12-31T10:21:19.314+08:00  INFO 1648 --- [epharma-backend] [           main] o.s.t.web.servlet.TestDispatcherServlet  : Initializing Servlet ''
2025-12-31T10:21:19.315+08:00  INFO 1648 --- [epharma-backend] [           main] o.s.t.web.servlet.TestDispatcherServlet  : Completed initialization in 1 ms
2025-12-31T10:21:19.327+08:00  INFO 1648 --- [epharma-backend] [           main] c.e.e.controller.PaymentControllerTest   : Started PaymentControllerTest in 0.654 seconds (process running for 11.264)
2025-12-31T10:21:19.342+08:00 DEBUG 1648 --- [epharma-backend] [           main] s.w.s.m.m.a.RequestMappingHandlerMapping : Mapped to com.epharma.ecosystem.controller.PaymentController#handlePayPalWebhook(HttpServletRequest, String)
2025-12-31T10:21:19.354+08:00 DEBUG 1648 --- [epharma-backend] [           main] m.m.a.RequestResponseBodyMethodProcessor : Read "application/json;charset=UTF-8" to ["{"event":"payment.success"}"]
2025-12-31T10:21:19.383+08:00 DEBUG 1648 --- [epharma-backend] [           main] o.s.w.s.m.m.a.HttpEntityMethodProcessor  : Using 'application/json', given [*/*] and supported [application/json, application/*+json]
2025-12-31T10:21:19.384+08:00 DEBUG 1648 --- [epharma-backend] [           main] o.s.w.s.m.m.a.HttpEntityMethodProcessor  : Writing [{error=Invalid signature}]
]]></system-out>
  </testcase>
  <testcase name="gcashWebhook_invalidSignature_returnsUnauthorized" classname="com.epharma.ecosystem.controller.PaymentControllerTest" time="0.015">
    <system-out><![CDATA[2025-12-31T10:21:19.408+08:00 DEBUG 1648 --- [epharma-backend] [           main] s.w.s.m.m.a.RequestMappingHandlerMapping : Mapped to com.epharma.ecosystem.controller.PaymentController#handleGCashWebhook(HttpServletRequest, String)
2025-12-31T10:21:19.409+08:00 DEBUG 1648 --- [epharma-backend] [           main] m.m.a.RequestResponseBodyMethodProcessor : Read "application/json;charset=UTF-8" to ["{"event":"payment.success"}"]
2025-12-31T10:21:19.411+08:00 DEBUG 1648 --- [epharma-backend] [           main] o.s.w.s.m.m.a.HttpEntityMethodProcessor  : Using 'application/json', given [*/*] and supported [application/json, application/*+json]
2025-12-31T10:21:19.412+08:00 DEBUG 1648 --- [epharma-backend] [           main] o.s.w.s.m.m.a.HttpEntityMethodProcessor  : Writing [{error=Invalid signature}]
]]></system-out>
  </testcase>
  <testcase name="paymayaWebhook_invalidSignature_returnsUnauthorized" classname="com.epharma.ecosystem.controller.PaymentControllerTest" time="0.014">
    <system-out><![CDATA[2025-12-31T10:21:19.426+08:00 DEBUG 1648 --- [epharma-backend] [           main] s.w.s.m.m.a.RequestMappingHandlerMapping : Mapped to com.epharma.ecosystem.controller.PaymentController#handlePayMayaWebhook(HttpServletRequest, String)
2025-12-31T10:21:19.427+08:00 DEBUG 1648 --- [epharma-backend] [           main] m.m.a.RequestResponseBodyMethodProcessor : Read "application/json;charset=UTF-8" to ["{"event":"payment.success"}"]
2025-12-31T10:21:19.428+08:00 DEBUG 1648 --- [epharma-backend] [           main] o.s.w.s.m.m.a.HttpEntityMethodProcessor  : Using 'application/json', given [*/*] and supported [application/json, application/*+json]
2025-12-31T10:21:19.430+08:00 DEBUG 1648 --- [epharma-backend] [           main] o.s.w.s.m.m.a.HttpEntityMethodProcessor  : Writing [{error=Invalid signature}]
]]></system-out>
  </testcase>
  <testcase name="paymayaWebhook_validSignature_returnsOk" classname="com.epharma.ecosystem.controller.PaymentControllerTest" time="0.035">
    <system-out><![CDATA[2025-12-31T10:21:19.444+08:00 DEBUG 1648 --- [epharma-backend] [           main] s.w.s.m.m.a.RequestMappingHandlerMapping : Mapped to com.epharma.ecosystem.controller.PaymentController#handlePayMayaWebhook(HttpServletRequest, String)
2025-12-31T10:21:19.445+08:00 DEBUG 1648 --- [epharma-backend] [           main] m.m.a.RequestResponseBodyMethodProcessor : Read "application/json;charset=UTF-8" to ["{"event":"payment.success"}"]
2025-12-31T10:21:19.468+08:00 DEBUG 1648 --- [epharma-backend] [           main] o.s.w.s.m.m.a.HttpEntityMethodProcessor  : Using 'application/json', given [*/*] and supported [application/json, application/*+json]
2025-12-31T10:21:19.469+08:00 DEBUG 1648 --- [epharma-backend] [           main] o.s.w.s.m.m.a.HttpEntityMethodProcessor  : Writing [{status=ok}]
]]></system-out>
  </testcase>
  <testcase name="paypalWebhook_validSignature_returnsOk" classname="com.epharma.ecosystem.controller.PaymentControllerTest" time="0.015">
    <system-out><![CDATA[2025-12-31T10:21:19.485+08:00 DEBUG 1648 --- [epharma-backend] [           main] s.w.s.m.m.a.RequestMappingHandlerMapping : Mapped to com.epharma.ecosystem.controller.PaymentController#handlePayPalWebhook(HttpServletRequest, String)
2025-12-31T10:21:19.486+08:00 DEBUG 1648 --- [epharma-backend] [           main] m.m.a.RequestResponseBodyMethodProcessor : Read "application/json;charset=UTF-8" to ["{"event":"payment.success"}"]
2025-12-31T10:21:19.489+08:00 DEBUG 1648 --- [epharma-backend] [           main] o.s.w.s.m.m.a.HttpEntityMethodProcessor  : Using 'application/json', given [*/*] and supported [application/json, application/*+json]
2025-12-31T10:21:19.489+08:00 DEBUG 1648 --- [epharma-backend] [           main] o.s.w.s.m.m.a.HttpEntityMethodProcessor  : Writing [{status=ok}]
]]></system-out>
  </testcase>
  <testcase name="razorpayWebhook_invalidSignature_returnsUnauthorized" classname="com.epharma.ecosystem.controller.PaymentControllerTest" time="0.014">
    <system-out><![CDATA[2025-12-31T10:21:19.502+08:00 DEBUG 1648 --- [epharma-backend] [           main] s.w.s.m.m.a.RequestMappingHandlerMapping : Mapped to com.epharma.ecosystem.controller.PaymentController#handleRazorpayWebhook(HttpServletRequest, String)
2025-12-31T10:21:19.503+08:00 DEBUG 1648 --- [epharma-backend] [           main] m.m.a.RequestResponseBodyMethodProcessor : Read "application/json;charset=UTF-8" to ["{"event":"payment.success"}"]
2025-12-31T10:21:19.505+08:00 DEBUG 1648 --- [epharma-backend] [           main] o.s.w.s.m.m.a.HttpEntityMethodProcessor  : Using 'application/json', given [*/*] and supported [application/json, application/*+json]
2025-12-31T10:21:19.505+08:00 DEBUG 1648 --- [epharma-backend] [           main] o.s.w.s.m.m.a.HttpEntityMethodProcessor  : Writing [{error=Invalid signature}]
]]></system-out>
  </testcase>
  <testcase name="razorpayWebhook_validSignature_returnsOk" classname="com.epharma.ecosystem.controller.PaymentControllerTest" time="0.015">
    <system-out><![CDATA[2025-12-31T10:21:19.519+08:00 DEBUG 1648 --- [epharma-backend] [           main] s.w.s.m.m.a.RequestMappingHandlerMapping : Mapped to com.epharma.ecosystem.controller.PaymentController#handleRazorpayWebhook(HttpServletRequest, String)
2025-12-31T10:21:19.520+08:00 DEBUG 1648 --- [epharma-backend] [           main] m.m.a.RequestResponseBodyMethodProcessor : Read "application/json;charset=UTF-8" to ["{"event":"payment.success"}"]
2025-12-31T10:21:19.523+08:00 DEBUG 1648 --- [epharma-backend] [           main] o.s.w.s.m.m.a.HttpEntityMethodProcessor  : Using 'application/json', given [*/*] and supported [application/json, application/*+json]
2025-12-31T10:21:19.524+08:00 DEBUG 1648 --- [epharma-backend] [           main] o.s.w.s.m.m.a.HttpEntityMethodProcessor  : Writing [{status=ok}]
]]></system-out>
  </testcase>
  <testcase name="gcashWebhook_validSignature_returnsOk" classname="com.epharma.ecosystem.controller.PaymentControllerTest" time="0.013">
    <system-out><![CDATA[2025-12-31T10:21:19.537+08:00 DEBUG 1648 --- [epharma-backend] [           main] s.w.s.m.m.a.RequestMappingHandlerMapping : Mapped to com.epharma.ecosystem.controller.PaymentController#handleGCashWebhook(HttpServletRequest, String)
2025-12-31T10:21:19.538+08:00 DEBUG 1648 --- [epharma-backend] [           main] m.m.a.RequestResponseBodyMethodProcessor : Read "application/json;charset=UTF-8" to ["{"event":"payment.success"}"]
2025-12-31T10:21:19.540+08:00 DEBUG 1648 --- [epharma-backend] [           main] o.s.w.s.m.m.a.HttpEntityMethodProcessor  : Using 'application/json', given [*/*] and supported [application/json, application/*+json]
2025-12-31T10:21:19.541+08:00 DEBUG 1648 --- [epharma-backend] [           main] o.s.w.s.m.m.a.HttpEntityMethodProcessor  : Writing [{status=ok}]
]]></system-out>
  </testcase>
</testsuite>